<?xml version="1.0" encoding="UTF-8"?>
<testsuite xmlns:xsi="http://www.w3.org/2001/XMLSchema-instance" xsi:noNamespaceSchemaLocation="https://maven.apache.org/surefire/maven-surefire-plugin/xsd/surefire-test-report.xsd" name="MyTest" time="0.024" tests="25" errors="0" skipped="0" failures="0">
  <properties>
[...]
</properties>
  <testcase name="calcWinningsFourSpotZeroMatchesTest" classname="MyTest" time="0.012"/>
  <testcase name="drawNums1OrAbove" classname="MyTest" time="0"/>
  <testcase name="calcWinningsEightSpotSixMatchesTest" classname="MyTest" time="0"/>
  <testcase name="draw20NumsTest" classname="MyTest" time="0"/>
  <testcase name="calcWinningsTenSpotSevenMatchesTest" classname="MyTest" time="0"/>
  <testcase name="calcWinningsOneSpotZeroMatchesTest" classname="MyTest" time="0"/>
  <testcase name="calcWinningsEightSpotEightMatchesTest" classname="MyTest" time="0"/>
  <testcase name="calcWinningsFourSpotTwoMatchesTest" classname="MyTest" time="0"/>
  <testcase name="calcWinnings10SpotOtherMatchesTest" classname="MyTest" time="0.001"/>
  <testcase name="calcWinningsEightSpotSevenMatchesTest" classname="MyTest" time="0"/>
  <testcase name="calcWinningsFourSpotThreeMatchesTest" classname="MyTest" time="0"/>
  <testcase name="calcWinningsTenSpotFiveMatchesTest" classname="MyTest" time="0.001"/>
  <testcase name="calcWinningsEightSpotFourMatchesTest" classname="MyTest" time="0"/>
  <testcase name="calcWinningsOtherSpotOtherMatchesTest" classname="MyTest" time="0"/>
  <testcase name="calcWinningsTenSpotZeroMatchesTest" classname="MyTest" time="0"/>
  <testcase name="calcWinningsOneSpotOneMatchTest" classname="MyTest" time="0"/>
  <testcase name="calcWinningsFourSpotFourMatchesTest" classname="MyTest" time="0.001"/>
  <testcase name="calcWinningsTenSpotTenMatchesTest" classname="MyTest" time="0"/>
  <testcase name="calcWinningsEightSpotFiveMatchesTest" classname="MyTest" time="0"/>
  <testcase name="drawNums80OrUnder" classname="MyTest" time="0"/>
  <testcase name="calcWinningsTenSpotNineMatchesTest" classname="MyTest" time="0"/>
  <testcase name="calcWinningsTenSpotSixMatchesTest" classname="MyTest" time="0"/>
  <testcase name="calcWinningsEightSpotZeroMatchesTest" classname="MyTest" time="0"/>
  <testcase name="draw20NoDuplicatesTest" classname="MyTest" time="0.001"/>
  <testcase name="calcWinningsTenSpotEightMatchesTest" classname="MyTest" time="0"/>
</testsuite>